<?xml version="1.0" encoding="UTF-8"?>
<testsuite xmlns:xsi="http://www.w3.org/2001/XMLSchema-instance" xsi:noNamespaceSchemaLocation="https://maven.apache.org/surefire/maven-surefire-plugin/xsd/surefire-test-report-3.0.xsd" version="3.0" name="TestSuite" time="198.278" tests="11" errors="0" skipped="0" failures="0">
  <properties>
    <property name="sun.desktop" value="windows"/>
    <property name="awt.toolkit" value="sun.awt.windows.WToolkit"/>
    <property name="java.specification.version" value="11"/>
    <property name="webdriver.chrome.driver" value="C:\Users\Misbah\eclipse-workspaceNew\ComprehensiveHybridFramework./driver/chromedriver.exe"/>
    <property name="sun.cpu.isalist" value="amd64"/>
    <property name="sun.jnu.encoding" value="Cp1252"/>
    <property name="java.class.path" value="C:\Users\Misbah\eclipse-workspaceNew\ComprehensiveHybridFramework\target\test-classes;C:\Users\Misbah\eclipse-workspaceNew\ComprehensiveHybridFramework\target\classes;C:\Users\Misbah\.m2\repository\org\seleniumhq\selenium\selenium-java\3.141.59\selenium-java-3.141.59.jar;C:\Users\Misbah\.m2\repository\org\seleniumhq\selenium\selenium-api\3.141.59\selenium-api-3.141.59.jar;C:\Users\Misbah\.m2\repository\org\seleniumhq\selenium\selenium-chrome-driver\3.141.59\selenium-chrome-driver-3.141.59.jar;C:\Users\Misbah\.m2\repository\org\seleniumhq\selenium\selenium-edge-driver\3.141.59\selenium-edge-driver-3.141.59.jar;C:\Users\Misbah\.m2\repository\org\seleniumhq\selenium\selenium-firefox-driver\3.141.59\selenium-firefox-driver-3.141.59.jar;C:\Users\Misbah\.m2\repository\org\seleniumhq\selenium\selenium-ie-driver\3.141.59\selenium-ie-driver-3.141.59.jar;C:\Users\Misbah\.m2\repository\org\seleniumhq\selenium\selenium-opera-driver\3.141.59\selenium-opera-driver-3.141.59.jar;C:\Users\Misbah\.m2\repository\org\seleniumhq\selenium\selenium-remote-driver\3.141.59\selenium-remote-driver-3.141.59.jar;C:\Users\Misbah\.m2\repository\org\seleniumhq\selenium\selenium-safari-driver\3.141.59\selenium-safari-driver-3.141.59.jar;C:\Users\Misbah\.m2\repository\org\seleniumhq\selenium\selenium-support\3.141.59\selenium-support-3.141.59.jar;C:\Users\Misbah\.m2\repository\net\bytebuddy\byte-buddy\1.8.15\byte-buddy-1.8.15.jar;C:\Users\Misbah\.m2\repository\org\apache\commons\commons-exec\1.3\commons-exec-1.3.jar;C:\Users\Misbah\.m2\repository\com\google\guava\guava\25.0-jre\guava-25.0-jre.jar;C:\Users\Misbah\.m2\repository\com\google\code\findbugs\jsr305\1.3.9\jsr305-1.3.9.jar;C:\Users\Misbah\.m2\repository\org\checkerframework\checker-compat-qual\2.0.0\checker-compat-qual-2.0.0.jar;C:\Users\Misbah\.m2\repository\com\google\errorprone\error_prone_annotations\2.1.3\error_prone_annotations-2.1.3.jar;C:\Users\Misbah\.m2\repository\com\google\j2objc\j2objc-annotations\1.1\j2objc-annotations-1.1.jar;C:\Users\Misbah\.m2\repository\org\codehaus\mojo\animal-sniffer-annotations\1.14\animal-sniffer-annotations-1.14.jar;C:\Users\Misbah\.m2\repository\com\squareup\okhttp3\okhttp\3.11.0\okhttp-3.11.0.jar;C:\Users\Misbah\.m2\repository\com\squareup\okio\okio\1.14.0\okio-1.14.0.jar;C:\Users\Misbah\.m2\repository\org\testng\testng\7.0.0\testng-7.0.0.jar;C:\Users\Misbah\.m2\repository\com\beust\jcommander\1.72\jcommander-1.72.jar;C:\Users\Misbah\.m2\repository\junit\junit\4.11\junit-4.11.jar;C:\Users\Misbah\.m2\repository\org\hamcrest\hamcrest-core\1.3\hamcrest-core-1.3.jar;C:\Users\Misbah\.m2\repository\commons-io\commons-io\2.11.0\commons-io-2.11.0.jar;C:\Users\Misbah\.m2\repository\log4j\log4j\1.2.17\log4j-1.2.17.jar;C:\Users\Misbah\.m2\repository\org\apache\poi\poi\4.1.0\poi-4.1.0.jar;C:\Users\Misbah\.m2\repository\commons-codec\commons-codec\1.12\commons-codec-1.12.jar;C:\Users\Misbah\.m2\repository\org\apache\commons\commons-collections4\4.3\commons-collections4-4.3.jar;C:\Users\Misbah\.m2\repository\org\apache\commons\commons-math3\3.6.1\commons-math3-3.6.1.jar;C:\Users\Misbah\.m2\repository\org\apache\poi\poi-ooxml\4.1.0\poi-ooxml-4.1.0.jar;C:\Users\Misbah\.m2\repository\org\apache\poi\poi-ooxml-schemas\4.1.0\poi-ooxml-schemas-4.1.0.jar;C:\Users\Misbah\.m2\repository\org\apache\xmlbeans\xmlbeans\3.1.0\xmlbeans-3.1.0.jar;C:\Users\Misbah\.m2\repository\org\apache\commons\commons-compress\1.18\commons-compress-1.18.jar;C:\Users\Misbah\.m2\repository\com\github\virtuald\curvesapi\1.06\curvesapi-1.06.jar;C:\Users\Misbah\.m2\repository\com\relevantcodes\extentreports\2.41.2\extentreports-2.41.2.jar;C:\Users\Misbah\.m2\repository\org\jsoup\jsoup\1.8.3\jsoup-1.8.3.jar;C:\Users\Misbah\.m2\repository\org\xerial\sqlite-jdbc\3.8.11.1\sqlite-jdbc-3.8.11.1.jar;C:\Users\Misbah\.m2\repository\org\freemarker\freemarker\2.3.23\freemarker-2.3.23.jar;C:\Users\Misbah\.m2\repository\org\mongodb\mongodb-driver\3.0.4\mongodb-driver-3.0.4.jar;C:\Users\Misbah\.m2\repository\org\mongodb\bson\3.0.4\bson-3.0.4.jar;C:\Users\Misbah\.m2\repository\org\mongodb\mongodb-driver-core\3.0.4\mongodb-driver-core-3.0.4.jar;"/>
    <property name="java.vm.vendor" value="Eclipse Foundation"/>
    <property name="sun.arch.data.model" value="64"/>
    <property name="user.variant" value=""/>
    <property name="java.vendor.url" value="https://adoptium.net/"/>
    <property name="user.timezone" value="Asia/Calcutta"/>
    <property name="java.vm.specification.version" value="11"/>
    <property name="os.name" value="Windows 10"/>
    <property name="sun.java.launcher" value="SUN_STANDARD"/>
    <property name="user.country" value="US"/>
    <property name="sun.boot.library.path" value="C:\Program Files\Eclipse Foundation\jdk-11.0.12.7-hotspot\bin"/>
    <property name="sun.java.command" value="C:\Users\Misbah\AppData\Local\Temp\surefire15160247528477444966\surefirebooter8653789165236194136.jar C:\Users\Misbah\AppData\Local\Temp\surefire15160247528477444966 2021-11-22T15-50-33_340-jvmRun1 surefire17953011978160068866tmp surefire_014837843667682967930tmp"/>
    <property name="jdk.debug" value="release"/>
    <property name="surefire.test.class.path" value="C:\Users\Misbah\eclipse-workspaceNew\ComprehensiveHybridFramework\target\test-classes;C:\Users\Misbah\eclipse-workspaceNew\ComprehensiveHybridFramework\target\classes;C:\Users\Misbah\.m2\repository\org\seleniumhq\selenium\selenium-java\3.141.59\selenium-java-3.141.59.jar;C:\Users\Misbah\.m2\repository\org\seleniumhq\selenium\selenium-api\3.141.59\selenium-api-3.141.59.jar;C:\Users\Misbah\.m2\repository\org\seleniumhq\selenium\selenium-chrome-driver\3.141.59\selenium-chrome-driver-3.141.59.jar;C:\Users\Misbah\.m2\repository\org\seleniumhq\selenium\selenium-edge-driver\3.141.59\selenium-edge-driver-3.141.59.jar;C:\Users\Misbah\.m2\repository\org\seleniumhq\selenium\selenium-firefox-driver\3.141.59\selenium-firefox-driver-3.141.59.jar;C:\Users\Misbah\.m2\repository\org\seleniumhq\selenium\selenium-ie-driver\3.141.59\selenium-ie-driver-3.141.59.jar;C:\Users\Misbah\.m2\repository\org\seleniumhq\selenium\selenium-opera-driver\3.141.59\selenium-opera-driver-3.141.59.jar;C:\Users\Misbah\.m2\repository\org\seleniumhq\selenium\selenium-remote-driver\3.141.59\selenium-remote-driver-3.141.59.jar;C:\Users\Misbah\.m2\repository\org\seleniumhq\selenium\selenium-safari-driver\3.141.59\selenium-safari-driver-3.141.59.jar;C:\Users\Misbah\.m2\repository\org\seleniumhq\selenium\selenium-support\3.141.59\selenium-support-3.141.59.jar;C:\Users\Misbah\.m2\repository\net\bytebuddy\byte-buddy\1.8.15\byte-buddy-1.8.15.jar;C:\Users\Misbah\.m2\repository\org\apache\commons\commons-exec\1.3\commons-exec-1.3.jar;C:\Users\Misbah\.m2\repository\com\google\guava\guava\25.0-jre\guava-25.0-jre.jar;C:\Users\Misbah\.m2\repository\com\google\code\findbugs\jsr305\1.3.9\jsr305-1.3.9.jar;C:\Users\Misbah\.m2\repository\org\checkerframework\checker-compat-qual\2.0.0\checker-compat-qual-2.0.0.jar;C:\Users\Misbah\.m2\repository\com\google\errorprone\error_prone_annotations\2.1.3\error_prone_annotations-2.1.3.jar;C:\Users\Misbah\.m2\repository\com\google\j2objc\j2objc-annotations\1.1\j2objc-annotations-1.1.jar;C:\Users\Misbah\.m2\repository\org\codehaus\mojo\animal-sniffer-annotations\1.14\animal-sniffer-annotations-1.14.jar;C:\Users\Misbah\.m2\repository\com\squareup\okhttp3\okhttp\3.11.0\okhttp-3.11.0.jar;C:\Users\Misbah\.m2\repository\com\squareup\okio\okio\1.14.0\okio-1.14.0.jar;C:\Users\Misbah\.m2\repository\org\testng\testng\7.0.0\testng-7.0.0.jar;C:\Users\Misbah\.m2\repository\com\beust\jcommander\1.72\jcommander-1.72.jar;C:\Users\Misbah\.m2\repository\junit\junit\4.11\junit-4.11.jar;C:\Users\Misbah\.m2\repository\org\hamcrest\hamcrest-core\1.3\hamcrest-core-1.3.jar;C:\Users\Misbah\.m2\repository\commons-io\commons-io\2.11.0\commons-io-2.11.0.jar;C:\Users\Misbah\.m2\repository\log4j\log4j\1.2.17\log4j-1.2.17.jar;C:\Users\Misbah\.m2\repository\org\apache\poi\poi\4.1.0\poi-4.1.0.jar;C:\Users\Misbah\.m2\repository\commons-codec\commons-codec\1.12\commons-codec-1.12.jar;C:\Users\Misbah\.m2\repository\org\apache\commons\commons-collections4\4.3\commons-collections4-4.3.jar;C:\Users\Misbah\.m2\repository\org\apache\commons\commons-math3\3.6.1\commons-math3-3.6.1.jar;C:\Users\Misbah\.m2\repository\org\apache\poi\poi-ooxml\4.1.0\poi-ooxml-4.1.0.jar;C:\Users\Misbah\.m2\repository\org\apache\poi\poi-ooxml-schemas\4.1.0\poi-ooxml-schemas-4.1.0.jar;C:\Users\Misbah\.m2\repository\org\apache\xmlbeans\xmlbeans\3.1.0\xmlbeans-3.1.0.jar;C:\Users\Misbah\.m2\repository\org\apache\commons\commons-compress\1.18\commons-compress-1.18.jar;C:\Users\Misbah\.m2\repository\com\github\virtuald\curvesapi\1.06\curvesapi-1.06.jar;C:\Users\Misbah\.m2\repository\com\relevantcodes\extentreports\2.41.2\extentreports-2.41.2.jar;C:\Users\Misbah\.m2\repository\org\jsoup\jsoup\1.8.3\jsoup-1.8.3.jar;C:\Users\Misbah\.m2\repository\org\xerial\sqlite-jdbc\3.8.11.1\sqlite-jdbc-3.8.11.1.jar;C:\Users\Misbah\.m2\repository\org\freemarker\freemarker\2.3.23\freemarker-2.3.23.jar;C:\Users\Misbah\.m2\repository\org\mongodb\mongodb-driver\3.0.4\mongodb-driver-3.0.4.jar;C:\Users\Misbah\.m2\repository\org\mongodb\bson\3.0.4\bson-3.0.4.jar;C:\Users\Misbah\.m2\repository\org\mongodb\mongodb-driver-core\3.0.4\mongodb-driver-core-3.0.4.jar;"/>
    <property name="sun.cpu.endian" value="little"/>
    <property name="user.home" value="C:\Users\Misbah"/>
    <property name="user.language" value="en"/>
    <property name="java.specification.vendor" value="Oracle Corporation"/>
    <property name="java.version.date" value="2021-07-20"/>
    <property name="java.home" value="C:\Program Files\Eclipse Foundation\jdk-11.0.12.7-hotspot"/>
    <property name="file.separator" value="\"/>
    <property name="basedir" value="C:\Users\Misbah\eclipse-workspaceNew\ComprehensiveHybridFramework"/>
    <property name="java.vm.compressedOopsMode" value="32-bit"/>
    <property name="line.separator" value="&#10;"/>
    <property name="java.specification.name" value="Java Platform API Specification"/>
    <property name="java.vm.specification.vendor" value="Oracle Corporation"/>
    <property name="java.awt.graphicsenv" value="sun.awt.Win32GraphicsEnvironment"/>
    <property name="surefire.real.class.path" value="C:\Users\Misbah\AppData\Local\Temp\surefire15160247528477444966\surefirebooter8653789165236194136.jar"/>
    <property name="user.script" value=""/>
    <property name="sun.management.compiler" value="HotSpot 64-Bit Tiered Compilers"/>
    <property name="java.runtime.version" value="11.0.12+7"/>
    <property name="user.name" value="Misbah"/>
    <property name="path.separator" value=";"/>
    <property name="os.version" value="10.0"/>
    <property name="java.runtime.name" value="OpenJDK Runtime Environment"/>
    <property name="file.encoding" value="Cp1252"/>
    <property name="java.vm.name" value="OpenJDK 64-Bit Server VM"/>
    <property name="java.vendor.version" value="Temurin-11.0.12+7"/>
    <property name="localRepository" value="C:\Users\Misbah\.m2\repository"/>
    <property name="java.vendor.url.bug" value="https://github.com/adoptium/adoptium-support/issues"/>
    <property name="java.io.tmpdir" value="C:\Users\Misbah\AppData\Local\Temp\"/>
    <property name="java.version" value="11.0.12"/>
    <property name="user.dir" value="C:\Users\Misbah\eclipse-workspaceNew\ComprehensiveHybridFramework"/>
    <property name="os.arch" value="amd64"/>
    <property name="java.vm.specification.name" value="Java Virtual Machine Specification"/>
    <property name="java.awt.printerjob" value="sun.awt.windows.WPrinterJob"/>
    <property name="sun.os.patch.level" value=""/>
    <property name="java.library.path" value="C:\Program Files\Eclipse Foundation\jdk-11.0.12.7-hotspot\bin;C:\Windows\Sun\Java\bin;C:\Windows\system32;C:\Windows;C:/Users/Misbah/.p2/pool/plugins/org.eclipse.justj.openjdk.hotspot.jre.full.win32.x86_64_16.0.2.v20210721-1149/jre/bin/server;C:/Users/Misbah/.p2/pool/plugins/org.eclipse.justj.openjdk.hotspot.jre.full.win32.x86_64_16.0.2.v20210721-1149/jre/bin;C:\Program Files\Eclipse Foundation\jdk-11.0.12.7-hotspot\bin;C:\Windows\system32;C:\Windows;C:\Windows\System32\Wbem;C:\Windows\System32\WindowsPowerShell\v1.0\;C:\Windows\System32\OpenSSH\;C:\Program Files\Microsoft SQL Server\Client SDK\ODBC\170\Tools\Binn\;C:\Program Files (x86)\Microsoft SQL Server\150\Tools\Binn\;C:\Program Files\Microsoft SQL Server\150\Tools\Binn\;C:\Program Files\Microsoft SQL Server\150\DTS\Binn\;C:\Program Files (x86)\jdk\jdk-17\bin;C:\Program Files\Git\cmd;C:\Program Files\Notepad++;C:\Program Files\MySQL\MySQL Shell 8.0\bin\;C:\Users\Misbah\AppData\Local\Microsoft\WindowsApps;C:\Users\Misbah\AppData\Local\Programs\Microsoft VS Code\bin;E:\Maven\apache-maven-3.8.2\bin;;C:\Users\Misbah\Desktop;;."/>
    <property name="java.vm.info" value="mixed mode"/>
    <property name="java.vendor" value="Eclipse Foundation"/>
    <property name="java.vm.version" value="11.0.12+7"/>
    <property name="sun.io.unicode.encoding" value="UnicodeLittle"/>
    <property name="java.class.version" value="55.0"/>
  </properties>
  <testcase name="validateTitle[Gifts Online - Send Unique, Unusual Gifts in India, Buy Gifts– Bigsmall.in](1)" classname="com.mindtree.runner.GiftRunner" time="0.368">
    <system-out><![CDATA[{homestyle type=Lamps, homestyle quantity=5, homestyle item=Wooden LED Love Lamp, pw=123456789, gifts type=Gifts For Girls, rakhi gift quantity=2, rakhi gift name=Mask Bandhan Rakhi, diwali gift name=Handmade Fish Platter, corporate Name=Misbah, corporate phn=7207786956, what's new gift quantity=3, newyear gift name=Vintage Coffee Grinder, gifts items=Magical Rainbow Rug, what's new gift name=Stainless Steel Bamboo Bottle, corporate Email=dummy@gmail.com, id=motog05052000@gmail.com, newyear gift quantity=4, gifts quantity=3, diwali gift quantity=2}
11-22-2021 15:50:42 ExtentLogUtilities.java DEBUG [main] runner.GiftRunner 14 - URL Opened
11-22-2021 15:50:42 _Log4jLoggerFactory.java DEBUG [main] freemarker.cache 45 - Couldn't find template in cache for "Extent.ftl"("en_US", UTF-8, parsed); will try to load it.
11-22-2021 15:50:42 _Log4jLoggerFactory.java DEBUG [main] freemarker.cache 45 - TemplateLoader.findTemplateSource("Extent_en_US.ftl"): Not found
11-22-2021 15:50:42 _Log4jLoggerFactory.java DEBUG [main] freemarker.cache 45 - TemplateLoader.findTemplateSource("Extent_en.ftl"): Not found
11-22-2021 15:50:42 _Log4jLoggerFactory.java DEBUG [main] freemarker.cache 45 - TemplateLoader.findTemplateSource("Extent.ftl"): Found
11-22-2021 15:50:42 _Log4jLoggerFactory.java DEBUG [main] freemarker.cache 45 - Loading template for "Extent.ftl"("en_US", UTF-8, parsed) from "jar:file:/C:/Users/Misbah/.m2/repository/com/relevantcodes/extentreports/2.41.2/extentreports-2.41.2.jar!/com/relevantcodes/extentreports/view/Extent.ftl"
11-22-2021 15:50:43 ExtentLogUtilities.java DEBUG [main] runner.GiftRunner 14 - Page opend with title Gifts Online - Send Unique, Unusual Gifts in India, Buy Gifts– Bigsmall.in
11-22-2021 15:50:43 _Log4jLoggerFactory.java DEBUG [main] freemarker.cache 45 - Couldn't find template in cache for "Extent.ftl"("en_US", UTF-8, parsed); will try to load it.
11-22-2021 15:50:43 _Log4jLoggerFactory.java DEBUG [main] freemarker.cache 45 - TemplateLoader.findTemplateSource("Extent_en_US.ftl"): Not found
11-22-2021 15:50:43 _Log4jLoggerFactory.java DEBUG [main] freemarker.cache 45 - TemplateLoader.findTemplateSource("Extent_en.ftl"): Not found
11-22-2021 15:50:43 _Log4jLoggerFactory.java DEBUG [main] freemarker.cache 45 - TemplateLoader.findTemplateSource("Extent.ftl"): Found
11-22-2021 15:50:43 _Log4jLoggerFactory.java DEBUG [main] freemarker.cache 45 - Loading template for "Extent.ftl"("en_US", UTF-8, parsed) from "jar:file:/C:/Users/Misbah/.m2/repository/com/relevantcodes/extentreports/2.41.2/extentreports-2.41.2.jar!/com/relevantcodes/extentreports/view/Extent.ftl"
]]></system-out>
    <system-err><![CDATA[log4j:WARN No such property [maxBackupIndex] in com.mindtree.utilities.Log.
log4j:WARN No such property [maxFileSize] in com.mindtree.utilities.Log.
Starting ChromeDriver 96.0.4664.45 (76e4c1bb2ab4671b8beba3444e61c0f17584b2fc-refs/branch-heads/4664@{#947}) on port 31203
Only local connections are allowed.
Please see https://chromedriver.chromium.org/security-considerations for suggestions on keeping ChromeDriver safe.
ChromeDriver was started successfully.
Nov 22, 2021 3:50:38 PM org.openqa.selenium.remote.ProtocolHandshake createSession
INFO: Detected dialect: W3C
]]></system-err>
  </testcase>
  <testcase name="LogIn[motog05052000@gmail.com, 123456789](1)" classname="com.mindtree.runner.GiftRunner" time="17.088">
    <system-out><![CDATA[11-22-2021 15:50:45 ExtentLogUtilities.java DEBUG [main] runner.GiftRunner 14 - Log In Button is clicked in page Home Page
11-22-2021 15:50:50 ExtentLogUtilities.java DEBUG [main] runner.GiftRunner 14 - Email field is send in page Account Log in
11-22-2021 15:50:51 ExtentLogUtilities.java DEBUG [main] runner.GiftRunner 14 - password field is send in page Account Log in
11-22-2021 15:50:51 ExtentLogUtilities.java DEBUG [main] runner.GiftRunner 14 - sign in button is clicked in page Account Log in
11-22-2021 15:50:51 ExtentLogUtilities.java DEBUG [main] runner.GiftRunner 14 - Successfully logged in
11-22-2021 15:50:58 ExtentLogUtilities.java DEBUG [main] runner.GiftRunner 14 - Bigsmall pic is clicked in page Log in page
11-22-2021 15:51:00 _Log4jLoggerFactory.java DEBUG [main] freemarker.cache 45 - Couldn't find template in cache for "Extent.ftl"("en_US", UTF-8, parsed); will try to load it.
11-22-2021 15:51:00 _Log4jLoggerFactory.java DEBUG [main] freemarker.cache 45 - TemplateLoader.findTemplateSource("Extent_en_US.ftl"): Not found
11-22-2021 15:51:00 _Log4jLoggerFactory.java DEBUG [main] freemarker.cache 45 - TemplateLoader.findTemplateSource("Extent_en.ftl"): Not found
11-22-2021 15:51:00 _Log4jLoggerFactory.java DEBUG [main] freemarker.cache 45 - TemplateLoader.findTemplateSource("Extent.ftl"): Found
11-22-2021 15:51:00 _Log4jLoggerFactory.java DEBUG [main] freemarker.cache 45 - Loading template for "Extent.ftl"("en_US", UTF-8, parsed) from "jar:file:/C:/Users/Misbah/.m2/repository/com/relevantcodes/extentreports/2.41.2/extentreports-2.41.2.jar!/com/relevantcodes/extentreports/view/Extent.ftl"
]]></system-out>
  </testcase>
  <testcase name="PersonalizeGift[1](1)" classname="com.mindtree.runner.GiftRunner" time="20.669">
    <system-out><![CDATA[11-22-2021 15:51:03 ExtentLogUtilities.java DEBUG [main] runner.GiftRunner 14 - Personalize Gift button is clicked in page Home page
11-22-2021 15:51:09 ExtentLogUtilities.java DEBUG [main] runner.GiftRunner 14 - result is clicked in page Personalize Gift page
11-22-2021 15:51:11 ExtentLogUtilities.java DEBUG [main] runner.GiftRunner 14 - Quantity Field is send in page Cart Page
11-22-2021 15:51:12 ExtentLogUtilities.java DEBUG [main] runner.GiftRunner 14 - name Field is send in page Cart Page
11-22-2021 15:51:12 ExtentLogUtilities.java DEBUG [main] runner.GiftRunner 14 - Add to cart is clicked in page Cart page
11-22-2021 15:51:18 ExtentLogUtilities.java DEBUG [main] runner.GiftRunner 14 - home button is clicked in page home page
11-22-2021 15:51:21 _Log4jLoggerFactory.java DEBUG [main] freemarker.cache 45 - Couldn't find template in cache for "Extent.ftl"("en_US", UTF-8, parsed); will try to load it.
11-22-2021 15:51:21 _Log4jLoggerFactory.java DEBUG [main] freemarker.cache 45 - TemplateLoader.findTemplateSource("Extent_en_US.ftl"): Not found
11-22-2021 15:51:21 _Log4jLoggerFactory.java DEBUG [main] freemarker.cache 45 - TemplateLoader.findTemplateSource("Extent_en.ftl"): Not found
11-22-2021 15:51:21 _Log4jLoggerFactory.java DEBUG [main] freemarker.cache 45 - TemplateLoader.findTemplateSource("Extent.ftl"): Found
11-22-2021 15:51:21 _Log4jLoggerFactory.java DEBUG [main] freemarker.cache 45 - Loading template for "Extent.ftl"("en_US", UTF-8, parsed) from "jar:file:/C:/Users/Misbah/.m2/repository/com/relevantcodes/extentreports/2.41.2/extentreports-2.41.2.jar!/com/relevantcodes/extentreports/view/Extent.ftl"
]]></system-out>
  </testcase>
  <testcase name="Secretsanta" classname="com.mindtree.runner.GiftRunner" time="15.001">
    <system-out><![CDATA[11-22-2021 15:51:24 ExtentLogUtilities.java DEBUG [main] runner.GiftRunner 14 - secretsanta button is clicked in page  Home page
11-22-2021 15:51:27 ExtentLogUtilities.java DEBUG [main] runner.GiftRunner 14 - tissue box  is clicked in page  secretsanta page
11-22-2021 15:51:27 ExtentLogUtilities.java DEBUG [main] runner.GiftRunner 14 -  cart button is send in page tissue page
11-22-2021 15:51:28 ExtentLogUtilities.java DEBUG [main] runner.GiftRunner 14 - cart button is clicked in page socks page
11-22-2021 15:51:31 ExtentLogUtilities.java DEBUG [main] runner.GiftRunner 14 - Close Button is clicked in page Cart Page
11-22-2021 15:51:33 ExtentLogUtilities.java DEBUG [main] runner.GiftRunner 14 - home button is clicked in page home page
11-22-2021 15:51:36 _Log4jLoggerFactory.java DEBUG [main] freemarker.cache 45 - Couldn't find template in cache for "Extent.ftl"("en_US", UTF-8, parsed); will try to load it.
11-22-2021 15:51:36 _Log4jLoggerFactory.java DEBUG [main] freemarker.cache 45 - TemplateLoader.findTemplateSource("Extent_en_US.ftl"): Not found
11-22-2021 15:51:36 _Log4jLoggerFactory.java DEBUG [main] freemarker.cache 45 - TemplateLoader.findTemplateSource("Extent_en.ftl"): Not found
11-22-2021 15:51:36 _Log4jLoggerFactory.java DEBUG [main] freemarker.cache 45 - TemplateLoader.findTemplateSource("Extent.ftl"): Found
11-22-2021 15:51:36 _Log4jLoggerFactory.java DEBUG [main] freemarker.cache 45 - Loading template for "Extent.ftl"("en_US", UTF-8, parsed) from "jar:file:/C:/Users/Misbah/.m2/repository/com/relevantcodes/extentreports/2.41.2/extentreports-2.41.2.jar!/com/relevantcodes/extentreports/view/Extent.ftl"
]]></system-out>
  </testcase>
  <testcase name="corpDetailSubmit[Misbah, dummy@gmail.com, 7207786956](1)" classname="com.mindtree.runner.GiftRunner" time="16.23">
    <system-out><![CDATA[11-22-2021 15:51:39 ExtentLogUtilities.java DEBUG [main] runner.GiftRunner 14 - Corporate Button is clicked in page Home Page
11-22-2021 15:51:41 ExtentLogUtilities.java DEBUG [main] runner.GiftRunner 14 - dummy@gmail.com is send in page Misbah
11-22-2021 15:51:41 ExtentLogUtilities.java DEBUG [main] runner.GiftRunner 14 - dummy@gmail.com is send in page Misbah
11-22-2021 15:51:42 ExtentLogUtilities.java DEBUG [main] runner.GiftRunner 14 - dummy@gmail.com is send in page Misbah
11-22-2021 15:51:42 ExtentLogUtilities.java DEBUG [main] runner.GiftRunner 14 - Submit Button is clicked in page Corporate Page
11-22-2021 15:51:47 ExtentLogUtilities.java DEBUG [main] runner.GiftRunner 14 - Bigsmall pic is clicked in page cart page
11-22-2021 15:51:52 _Log4jLoggerFactory.java DEBUG [main] freemarker.cache 45 - Couldn't find template in cache for "Extent.ftl"("en_US", UTF-8, parsed); will try to load it.
11-22-2021 15:51:52 _Log4jLoggerFactory.java DEBUG [main] freemarker.cache 45 - TemplateLoader.findTemplateSource("Extent_en_US.ftl"): Not found
11-22-2021 15:51:52 _Log4jLoggerFactory.java DEBUG [main] freemarker.cache 45 - TemplateLoader.findTemplateSource("Extent_en.ftl"): Not found
11-22-2021 15:51:52 _Log4jLoggerFactory.java DEBUG [main] freemarker.cache 45 - TemplateLoader.findTemplateSource("Extent.ftl"): Found
11-22-2021 15:51:52 _Log4jLoggerFactory.java DEBUG [main] freemarker.cache 45 - Loading template for "Extent.ftl"("en_US", UTF-8, parsed) from "jar:file:/C:/Users/Misbah/.m2/repository/com/relevantcodes/extentreports/2.41.2/extentreports-2.41.2.jar!/com/relevantcodes/extentreports/view/Extent.ftl"
]]></system-out>
  </testcase>
  <testcase name="Gifts[Gifts For Girls, 3, Magical Rainbow Rug](1)" classname="com.mindtree.runner.GiftRunner" time="25.606">
    <system-out><![CDATA[Gifts for Guys
Gifts For Girls
11-22-2021 15:51:55 ExtentLogUtilities.java DEBUG [main] runner.GiftRunner 14 - Gifts For Girls is clicked in page Home Page
11-22-2021 15:52:02 ExtentLogUtilities.java DEBUG [main] runner.GiftRunner 14 - Magical Rainbow Rug is clicked in page result page
11-22-2021 15:52:06 ExtentLogUtilities.java DEBUG [main] runner.GiftRunner 14 - quantity button  is send in page socks page
11-22-2021 15:52:07 ExtentLogUtilities.java DEBUG [main] runner.GiftRunner 14 - cart button is clicked in page socks page
11-22-2021 15:52:12 ExtentLogUtilities.java DEBUG [main] runner.GiftRunner 14 - Bigsmall pic is clicked in page cart page
11-22-2021 15:52:18 _Log4jLoggerFactory.java DEBUG [main] freemarker.cache 45 - Couldn't find template in cache for "Extent.ftl"("en_US", UTF-8, parsed); will try to load it.
11-22-2021 15:52:18 _Log4jLoggerFactory.java DEBUG [main] freemarker.cache 45 - TemplateLoader.findTemplateSource("Extent_en_US.ftl"): Not found
11-22-2021 15:52:18 _Log4jLoggerFactory.java DEBUG [main] freemarker.cache 45 - TemplateLoader.findTemplateSource("Extent_en.ftl"): Not found
11-22-2021 15:52:18 _Log4jLoggerFactory.java DEBUG [main] freemarker.cache 45 - TemplateLoader.findTemplateSource("Extent.ftl"): Found
11-22-2021 15:52:18 _Log4jLoggerFactory.java DEBUG [main] freemarker.cache 45 - Loading template for "Extent.ftl"("en_US", UTF-8, parsed) from "jar:file:/C:/Users/Misbah/.m2/repository/com/relevantcodes/extentreports/2.41.2/extentreports-2.41.2.jar!/com/relevantcodes/extentreports/view/Extent.ftl"
]]></system-out>
  </testcase>
  <testcase name="WhtsNewGift[3, Stainless Steel Bamboo Bottle](1)" classname="com.mindtree.runner.GiftRunner" time="14.166">
    <system-out><![CDATA[11-22-2021 15:52:20 ExtentLogUtilities.java DEBUG [main] runner.GiftRunner 14 - Personalize Gift button is clicked in page Home page
11-22-2021 15:52:23 ExtentLogUtilities.java DEBUG [main] runner.GiftRunner 14 - Stainless Steel Bamboo Bottle is clicked in page result page
11-22-2021 15:52:26 ExtentLogUtilities.java DEBUG [main] runner.GiftRunner 14 - Quantity Field is send in page Cart Page
11-22-2021 15:52:26 ExtentLogUtilities.java DEBUG [main] runner.GiftRunner 14 - Add to cart is clicked in page Cart page
11-22-2021 15:52:31 ExtentLogUtilities.java DEBUG [main] runner.GiftRunner 14 - Bigsmall pic is clicked in page cart
11-22-2021 15:52:32 _Log4jLoggerFactory.java DEBUG [main] freemarker.cache 45 - Couldn't find template in cache for "Extent.ftl"("en_US", UTF-8, parsed); will try to load it.
11-22-2021 15:52:32 _Log4jLoggerFactory.java DEBUG [main] freemarker.cache 45 - TemplateLoader.findTemplateSource("Extent_en_US.ftl"): Not found
11-22-2021 15:52:32 _Log4jLoggerFactory.java DEBUG [main] freemarker.cache 45 - TemplateLoader.findTemplateSource("Extent_en.ftl"): Not found
11-22-2021 15:52:32 _Log4jLoggerFactory.java DEBUG [main] freemarker.cache 45 - TemplateLoader.findTemplateSource("Extent.ftl"): Found
11-22-2021 15:52:32 _Log4jLoggerFactory.java DEBUG [main] freemarker.cache 45 - Loading template for "Extent.ftl"("en_US", UTF-8, parsed) from "jar:file:/C:/Users/Misbah/.m2/repository/com/relevantcodes/extentreports/2.41.2/extentreports-2.41.2.jar!/com/relevantcodes/extentreports/view/Extent.ftl"
]]></system-out>
  </testcase>
  <testcase name="Diwaligift[2, Handmade Fish Platter](1)" classname="com.mindtree.runner.GiftRunner" time="15.875">
    <system-out><![CDATA[11-22-2021 15:52:34 ExtentLogUtilities.java DEBUG [main] runner.GiftRunner 14 - diwali Gift button is clicked in page Home page
11-22-2021 15:52:38 ExtentLogUtilities.java DEBUG [main] runner.GiftRunner 14 - Handmade Fish Platter is clicked in page result page
11-22-2021 15:52:40 ExtentLogUtilities.java DEBUG [main] runner.GiftRunner 14 - Quantity Field is send in page Cart Page
11-22-2021 15:52:41 ExtentLogUtilities.java DEBUG [main] runner.GiftRunner 14 - Add to cart is clicked in page Cart page
11-22-2021 15:52:44 ExtentLogUtilities.java DEBUG [main] runner.GiftRunner 14 - Close Button is clicked in page Cart Page
11-22-2021 15:52:47 ExtentLogUtilities.java DEBUG [main] runner.GiftRunner 14 - Bigsmall pic is clicked in page cart
11-22-2021 15:52:48 _Log4jLoggerFactory.java DEBUG [main] freemarker.cache 45 - Couldn't find template in cache for "Extent.ftl"("en_US", UTF-8, parsed); will try to load it.
11-22-2021 15:52:48 _Log4jLoggerFactory.java DEBUG [main] freemarker.cache 45 - TemplateLoader.findTemplateSource("Extent_en_US.ftl"): Not found
11-22-2021 15:52:48 _Log4jLoggerFactory.java DEBUG [main] freemarker.cache 45 - TemplateLoader.findTemplateSource("Extent_en.ftl"): Not found
11-22-2021 15:52:48 _Log4jLoggerFactory.java DEBUG [main] freemarker.cache 45 - TemplateLoader.findTemplateSource("Extent.ftl"): Found
11-22-2021 15:52:48 _Log4jLoggerFactory.java DEBUG [main] freemarker.cache 45 - Loading template for "Extent.ftl"("en_US", UTF-8, parsed) from "jar:file:/C:/Users/Misbah/.m2/repository/com/relevantcodes/extentreports/2.41.2/extentreports-2.41.2.jar!/com/relevantcodes/extentreports/view/Extent.ftl"
]]></system-out>
  </testcase>
  <testcase name="NewYear[4, Vintage Coffee Grinder](1)" classname="com.mindtree.runner.GiftRunner" time="20.635">
    <system-out><![CDATA[11-22-2021 15:52:53 ExtentLogUtilities.java DEBUG [main] runner.GiftRunner 14 - newyear Gift button is clicked in page Home page
11-22-2021 15:52:58 ExtentLogUtilities.java DEBUG [main] runner.GiftRunner 14 - Vintage Coffee Grinder is clicked in page result page
11-22-2021 15:53:00 ExtentLogUtilities.java DEBUG [main] runner.GiftRunner 14 - Quantity Field is send in page Cart Page
11-22-2021 15:53:01 ExtentLogUtilities.java DEBUG [main] runner.GiftRunner 14 - Add to cart is clicked in page Cart page
11-22-2021 15:53:05 ExtentLogUtilities.java DEBUG [main] runner.GiftRunner 14 - Close Button is clicked in page Cart Page
11-22-2021 15:53:08 ExtentLogUtilities.java DEBUG [main] runner.GiftRunner 14 - Bigsmall pic is clicked in page cart
11-22-2021 15:53:08 _Log4jLoggerFactory.java DEBUG [main] freemarker.cache 45 - Couldn't find template in cache for "Extent.ftl"("en_US", UTF-8, parsed); will try to load it.
11-22-2021 15:53:08 _Log4jLoggerFactory.java DEBUG [main] freemarker.cache 45 - TemplateLoader.findTemplateSource("Extent_en_US.ftl"): Not found
11-22-2021 15:53:08 _Log4jLoggerFactory.java DEBUG [main] freemarker.cache 45 - TemplateLoader.findTemplateSource("Extent_en.ftl"): Not found
11-22-2021 15:53:08 _Log4jLoggerFactory.java DEBUG [main] freemarker.cache 45 - TemplateLoader.findTemplateSource("Extent.ftl"): Found
11-22-2021 15:53:08 _Log4jLoggerFactory.java DEBUG [main] freemarker.cache 45 - Loading template for "Extent.ftl"("en_US", UTF-8, parsed) from "jar:file:/C:/Users/Misbah/.m2/repository/com/relevantcodes/extentreports/2.41.2/extentreports-2.41.2.jar!/com/relevantcodes/extentreports/view/Extent.ftl"
]]></system-out>
  </testcase>
  <testcase name="Rakhi[2, Mask Bandhan Rakhi](1)" classname="com.mindtree.runner.GiftRunner" time="18.726">
    <system-out><![CDATA[11-22-2021 15:53:14 ExtentLogUtilities.java DEBUG [main] runner.GiftRunner 14 - rakhi button is clicked in page Home page
11-22-2021 15:53:17 ExtentLogUtilities.java DEBUG [main] runner.GiftRunner 14 - Mask Bandhan Rakhi is clicked in page result page
11-22-2021 15:53:20 ExtentLogUtilities.java DEBUG [main] runner.GiftRunner 14 - Quantity Field is send in page Cart Page
11-22-2021 15:53:20 ExtentLogUtilities.java DEBUG [main] runner.GiftRunner 14 - Add to cart is clicked in page Cart page
11-22-2021 15:53:24 ExtentLogUtilities.java DEBUG [main] runner.GiftRunner 14 - Close Button is clicked in page Cart Page
11-22-2021 15:53:27 ExtentLogUtilities.java DEBUG [main] runner.GiftRunner 14 - Bigsmall pic is clicked in page cart
11-22-2021 15:53:27 _Log4jLoggerFactory.java DEBUG [main] freemarker.cache 45 - Couldn't find template in cache for "Extent.ftl"("en_US", UTF-8, parsed); will try to load it.
11-22-2021 15:53:27 _Log4jLoggerFactory.java DEBUG [main] freemarker.cache 45 - TemplateLoader.findTemplateSource("Extent_en_US.ftl"): Not found
11-22-2021 15:53:27 _Log4jLoggerFactory.java DEBUG [main] freemarker.cache 45 - TemplateLoader.findTemplateSource("Extent_en.ftl"): Not found
11-22-2021 15:53:27 _Log4jLoggerFactory.java DEBUG [main] freemarker.cache 45 - TemplateLoader.findTemplateSource("Extent.ftl"): Found
11-22-2021 15:53:27 _Log4jLoggerFactory.java DEBUG [main] freemarker.cache 45 - Loading template for "Extent.ftl"("en_US", UTF-8, parsed) from "jar:file:/C:/Users/Misbah/.m2/repository/com/relevantcodes/extentreports/2.41.2/extentreports-2.41.2.jar!/com/relevantcodes/extentreports/view/Extent.ftl"
]]></system-out>
  </testcase>
  <testcase name="homestyle[Lamps, 5, Wooden LED Love Lamp](1)" classname="com.mindtree.runner.GiftRunner" time="25.103">
    <system-out><![CDATA[Home Decor
HouseWarming Gifts
Lamps
11-22-2021 15:53:30 ExtentLogUtilities.java DEBUG [main] runner.GiftRunner 14 - Lamps is clicked in page Home Page
11-22-2021 15:53:36 ExtentLogUtilities.java DEBUG [main] runner.GiftRunner 14 - Wooden LED Love Lamp is clicked in page result page
11-22-2021 15:53:40 ExtentLogUtilities.java DEBUG [main] runner.GiftRunner 14 - quantity button  is send in page socks page
11-22-2021 15:53:40 ExtentLogUtilities.java DEBUG [main] runner.GiftRunner 14 - cart button is clicked in page socks page
11-22-2021 15:53:44 ExtentLogUtilities.java DEBUG [main] runner.GiftRunner 14 - Close Button is clicked in page Cart Page
11-22-2021 15:53:47 ExtentLogUtilities.java DEBUG [main] runner.GiftRunner 14 - Bigsmall pic is clicked in page cart page
11-22-2021 15:53:52 _Log4jLoggerFactory.java DEBUG [main] freemarker.cache 45 - Couldn't find template in cache for "Extent.ftl"("en_US", UTF-8, parsed); will try to load it.
11-22-2021 15:53:52 _Log4jLoggerFactory.java DEBUG [main] freemarker.cache 45 - TemplateLoader.findTemplateSource("Extent_en_US.ftl"): Not found
11-22-2021 15:53:52 _Log4jLoggerFactory.java DEBUG [main] freemarker.cache 45 - TemplateLoader.findTemplateSource("Extent_en.ftl"): Not found
11-22-2021 15:53:52 _Log4jLoggerFactory.java DEBUG [main] freemarker.cache 45 - TemplateLoader.findTemplateSource("Extent.ftl"): Found
11-22-2021 15:53:52 _Log4jLoggerFactory.java DEBUG [main] freemarker.cache 45 - Loading template for "Extent.ftl"("en_US", UTF-8, parsed) from "jar:file:/C:/Users/Misbah/.m2/repository/com/relevantcodes/extentreports/2.41.2/extentreports-2.41.2.jar!/com/relevantcodes/extentreports/view/Extent.ftl"
]]></system-out>
  </testcase>
</testsuite>