<?xml version="1.0" encoding="UTF-8"?>
<!-- Generated by org.testng.reporters.JUnitReportReporter -->
<testsuite hostname="DESKTOP-MG9B9KT" failures="0" tests="11" name="com.mindtree.runner.GiftRunner" time="189.465" errors="0" timestamp="2021-11-22T15:53:52 IST" skipped="0">
  <testcase classname="com.mindtree.runner.GiftRunner" name="validateTitle" time="0.394"/>
  <testcase classname="com.mindtree.runner.GiftRunner" name="LogIn" time="17.067"/>
  <testcase classname="com.mindtree.runner.GiftRunner" name="PersonalizeGift" time="20.683"/>
  <testcase classname="com.mindtree.runner.GiftRunner" name="Secretsanta" time="14.997"/>
  <testcase classname="com.mindtree.runner.GiftRunner" name="corpDetailSubmit" time="16.219"/>
  <testcase classname="com.mindtree.runner.GiftRunner" name="Gifts" time="25.603"/>
  <testcase classname="com.mindtree.runner.GiftRunner" name="WhtsNewGift" time="14.174"/>
  <testcase classname="com.mindtree.runner.GiftRunner" name="Diwaligift" time="15.871"/>
  <testcase classname="com.mindtree.runner.GiftRunner" name="NewYear" time="20.633"/>
  <testcase classname="com.mindtree.runner.GiftRunner" name="Rakhi" time="18.720"/>
  <testcase classname="com.mindtree.runner.GiftRunner" name="homestyle" time="25.104"/>
</testsuite> <!-- com.mindtree.runner.GiftRunner -->
